Invalid port. Exiting...
Invalid port. Exiting...
1659736071368	geckodriver	INFO	Listening on 127.0.0.1:37255
1659736071810	mozrunner::runner	INFO	Running command: "/usr/bin/firefox" "--marionette" "--remote-debugging-port" "40201" "--remote-allow-hosts" "localhost" "-no-remote" "-profile" "/tmp/rust_mozprofile6RPVER"
ATTENTION: default value of option mesa_glthread overridden by environment.
ATTENTION: default value of option mesa_glthread overridden by environment.
ATTENTION: default value of option mesa_glthread overridden by environment.
ATTENTION: default value of option mesa_glthread overridden by environment.
1659736075890	Marionette	INFO	Marionette enabled
WebDriver BiDi listening on ws://localhost:40201
console.warn: SearchSettings: "get: No settings file exists, new profile?" (new NotFoundError("Could not open the file at /tmp/rust_mozprofile6RPVER/search.json.mozlz4", (void 0)))
Missing chrome or resource URL: resource://gre/modules/UpdateListener.jsm
1659736082601	Marionette	INFO	Listening on port 45805
Read port: 45805
1659736082820	RemoteAgent	WARN	TLS certificate errors will be ignored for this session
DevTools listening on ws://localhost:40201/devtools/browser/c5360413-dd34-4913-bfc9-1a9681af668c
JavaScript warning: https://static.xx.fbcdn.net/rsrc.php/v3iX3c4/y7/l/en_GB/6PFy4xkpW4X.js?_nc_x=Ij3Wp8lg5Kz, line 21: WEBGL_debug_renderer_info is deprecated in Firefox and will be removed. Please use RENDERER.
1659736091788	Marionette	WARN	TimedPromise timed out after 5000 ms: stacktrace:
TimedPromise/<@chrome://remote/content/marionette/sync.js:235:19
TimedPromise@chrome://remote/content/marionette/sync.js:220:10
GeckoDriver.prototype.minimizeWindow@chrome://remote/content/marionette/driver.js:2294:11
JavaScript error: , line 0: uncaught exception: Object
JavaScript warning: https://static.xx.fbcdn.net/rsrc.php/v3iX3c4/y7/l/en_GB/6PFy4xkpW4X.js?_nc_x=Ij3Wp8lg5Kz, line 21: WEBGL_debug_renderer_info is deprecated in Firefox and will be removed. Please use RENDERER.
JavaScript error: https://www.hotstar.com/assets/main.d9099c6cf3298776725e.js, line 2: ChunkLoadError: Loading chunk 2 failed.
(error: https://www.hotstar.com/assets/2.2.a1470042f192e423061f.js)
JavaScript error: https://www.hotstar.com/assets/main.d9099c6cf3298776725e.js, line 2: ChunkLoadError: Loading chunk 104 failed.
(error: https://www.hotstar.com/assets/104.104.f381934c0339766e69b7.js)
JavaScript warning: https://static.xx.fbcdn.net/rsrc.php/v3iX3c4/y7/l/en_GB/6PFy4xkpW4X.js?_nc_x=Ij3Wp8lg5Kz, line 21: WEBGL_debug_renderer_info is deprecated in Firefox and will be removed. Please use RENDERER.
Missing chrome or resource URL: resource://gre/modules/UpdateListener.jsm
console.error: "Error during quit-application-granted: [Exception... \"File error: Not found\"  nsresult: \"0x80520012 (NS_ERROR_FILE_NOT_FOUND)\"  location: \"JS frame :: resource:///modules/BrowserGlue.jsm :: _onQuitApplicationGranted/tasks< :: line 1969\"  data: no]"
1659736103245	Marionette	INFO	Stopped listening on port 45805
console.warn: TopSitesFeed: Failed to fetch data from Contile server: NetworkError when attempting to fetch resource.
1659736287700	geckodriver	INFO	Listening on 127.0.0.1:39557
1659736287743	mozrunner::runner	INFO	Running command: "/usr/bin/firefox" "--marionette" "--remote-debugging-port" "46261" "--remote-allow-hosts" "localhost" "-no-remote" "-profile" "/tmp/rust_mozprofileV7vnKo"
ATTENTION: default value of option mesa_glthread overridden by environment.
ATTENTION: default value of option mesa_glthread overridden by environment.
ATTENTION: default value of option mesa_glthread overridden by environment.
ATTENTION: default value of option mesa_glthread overridden by environment.
1659736290887	Marionette	INFO	Marionette enabled
WebDriver BiDi listening on ws://localhost:46261
console.warn: SearchSettings: "get: No settings file exists, new profile?" (new NotFoundError("Could not open the file at /tmp/rust_mozprofileV7vnKo/search.json.mozlz4", (void 0)))
Missing chrome or resource URL: resource://gre/modules/UpdateListener.jsm
1659736294634	Marionette	INFO	Listening on port 40575
Read port: 40575
DevTools listening on ws://localhost:46261/devtools/browser/6efef645-7f68-47e6-9d48-ac32767a09e7
1659736294700	RemoteAgent	WARN	TLS certificate errors will be ignored for this session
JavaScript warning: https://static.xx.fbcdn.net/rsrc.php/v3iX3c4/y7/l/en_GB/6PFy4xkpW4X.js?_nc_x=Ij3Wp8lg5Kz, line 21: WEBGL_debug_renderer_info is deprecated in Firefox and will be removed. Please use RENDERER.
1659736301553	Marionette	WARN	TimedPromise timed out after 5000 ms: stacktrace:
TimedPromise/<@chrome://remote/content/marionette/sync.js:235:19
TimedPromise@chrome://remote/content/marionette/sync.js:220:10
GeckoDriver.prototype.minimizeWindow@chrome://remote/content/marionette/driver.js:2294:11
JavaScript error: https://www.hotstar.com/assets/main.d9099c6cf3298776725e.js, line 2: ChunkLoadError: Loading chunk 75 failed.
(error: https://www.hotstar.com/assets/top-navigation-bar.75.06e2dfd63ca6d10953ed.js)
JavaScript error: https://www.hotstar.com/assets/main.d9099c6cf3298776725e.js, line 2: ChunkLoadError: Loading chunk 66 failed.
(error: https://www.hotstar.com/assets/search-bar.66.60824c8d78e3f555228d.js)
JavaScript error: https://www.hotstar.com/assets/main.d9099c6cf3298776725e.js, line 2: ChunkLoadError: Loading chunk 37 failed.
(error: https://www.hotstar.com/assets/exit-kids-loader.37.fffc2d4981f17298b9ae.js)
JavaScript error: https://www.hotstar.com/assets/main.d9099c6cf3298776725e.js, line 2: ChunkLoadError: Loading chunk 71 failed.
(error: https://www.hotstar.com/assets/subs-details-widget.71.1c2c345283f06bf3ecfe.js)
JavaScript error: https://www.hotstar.com/assets/main.d9099c6cf3298776725e.js, line 2: ChunkLoadError: Loading chunk 68 failed.
(error: https://www.hotstar.com/assets/sign-in-header-component.68.727e061bf60990fe33e0.js)
JavaScript error: https://www.hotstar.com/assets/main.d9099c6cf3298776725e.js, line 2: ChunkLoadError: Loading chunk 21 failed.
(error: https://www.hotstar.com/assets/SignInModal.21.946c38e043082a2b9f86.js)
JavaScript error: https://www.hotstar.com/assets/main.d9099c6cf3298776725e.js, line 2: ChunkLoadError: Loading chunk 17 failed.
(error: https://www.hotstar.com/assets/ParentalLockModal.17.95adac6edaef0354df60.js)
JavaScript error: https://www.hotstar.com/assets/main.d9099c6cf3298776725e.js, line 2: ChunkLoadError: Loading chunk 16 failed.
(error: https://www.hotstar.com/assets/Footer.16.85b2e00ed46f5c64ad05.js)
JavaScript error: https://www.hotstar.com/assets/main.d9099c6cf3298776725e.js, line 2: ChunkLoadError: Loading chunk 3 failed.
(error: https://www.hotstar.com/assets/3.3.27437baf16ad8e84e863.js)
JavaScript error: , line 0: uncaught exception: Object
JavaScript warning: https://static.xx.fbcdn.net/rsrc.php/v3iX3c4/y7/l/en_GB/6PFy4xkpW4X.js?_nc_x=Ij3Wp8lg5Kz, line 21: WEBGL_debug_renderer_info is deprecated in Firefox and will be removed. Please use RENDERER.
JavaScript error: https://www.hotstar.com/assets/main.d9099c6cf3298776725e.js, line 2: ChunkLoadError: Loading chunk 2 failed.
(error: https://www.hotstar.com/assets/2.2.a1470042f192e423061f.js)
JavaScript error: , line 0: uncaught exception: Object
JavaScript error: resource://gre/actors/ContentMetaChild.jsm, line 179: InvalidStateError: JSWindowActorChild.sendAsyncMessage: JSWindowActorChild cannot send at the moment
JavaScript warning: https://static.xx.fbcdn.net/rsrc.php/v3iX3c4/y7/l/en_GB/6PFy4xkpW4X.js?_nc_x=Ij3Wp8lg5Kz, line 21: WEBGL_debug_renderer_info is deprecated in Firefox and will be removed. Please use RENDERER.
Missing chrome or resource URL: resource://gre/modules/UpdateListener.jsm
console.error: "Error during quit-application-granted: [Exception... \"File error: Not found\"  nsresult: \"0x80520012 (NS_ERROR_FILE_NOT_FOUND)\"  location: \"JS frame :: resource:///modules/BrowserGlue.jsm :: _onQuitApplicationGranted/tasks< :: line 1969\"  data: no]"
1659736309828	Marionette	INFO	Stopped listening on port 40575
console.warn: TopSitesFeed: Failed to fetch data from Contile server: NetworkError when attempting to fetch resource.
1659736479919	geckodriver	INFO	Listening on 127.0.0.1:37671
1659736479928	mozrunner::runner	INFO	Running command: "/usr/bin/firefox" "--marionette" "--remote-debugging-port" "45475" "--remote-allow-hosts" "localhost" "-no-remote" "-profile" "/tmp/rust_mozprofile0Sxlyn"
ATTENTION: default value of option mesa_glthread overridden by environment.
ATTENTION: default value of option mesa_glthread overridden by environment.
ATTENTION: default value of option mesa_glthread overridden by environment.
ATTENTION: default value of option mesa_glthread overridden by environment.
1659736481788	Marionette	INFO	Marionette enabled
WebDriver BiDi listening on ws://localhost:45475
console.warn: SearchSettings: "get: No settings file exists, new profile?" (new NotFoundError("Could not open the file at /tmp/rust_mozprofile0Sxlyn/search.json.mozlz4", (void 0)))
Missing chrome or resource URL: resource://gre/modules/UpdateListener.jsm
1659736484953	Marionette	INFO	Listening on port 42827
DevTools listening on ws://localhost:45475/devtools/browser/25adf246-2f1f-46e5-b59b-702086d2e98f
Read port: 42827
1659736485057	RemoteAgent	WARN	TLS certificate errors will be ignored for this session
JavaScript error: resource://gre/modules/XULStore.jsm, line 66: Error: Can't find profile directory.
JavaScript error: resource://gre/modules/XULStore.jsm, line 66: Error: Can't find profile directory.
console.warn: LoginRecipes: "getRecipes: falling back to a synchronous message for:" "https://www.rahulshettyacademy.com"
1659736495010	Marionette	INFO	Stopped listening on port 42827
Missing chrome or resource URL: resource://gre/modules/UpdateListener.jsm
console.error: "Error during quit-application-granted: [Exception... \"File error: Not found\"  nsresult: \"0x80520012 (NS_ERROR_FILE_NOT_FOUND)\"  location: \"JS frame :: resource:///modules/BrowserGlue.jsm :: _onQuitApplicationGranted/tasks< :: line 1969\"  data: no]"
1660719295573	geckodriver	INFO	Listening on 127.0.0.1:44959
1660719296044	mozrunner::runner	INFO	Running command: "/usr/bin/firefox" "--marionette" "--remote-debugging-port" "43553" "--remote-allow-hosts" "localhost" "-no-remote" "-profile" "/tmp/rust_mozprofile66v1Pe"
ATTENTION: default value of option mesa_glthread overridden by environment.
ATTENTION: default value of option mesa_glthread overridden by environment.
ATTENTION: default value of option mesa_glthread overridden by environment.
ATTENTION: default value of option mesa_glthread overridden by environment.
1660719298612	Marionette	INFO	Marionette enabled
WebDriver BiDi listening on ws://localhost:43553
console.warn: SearchSettings: "get: No settings file exists, new profile?" (new NotFoundError("Could not open the file at /tmp/rust_mozprofile66v1Pe/search.json.mozlz4", (void 0)))
Missing chrome or resource URL: resource://gre/modules/UpdateListener.jsm
1660719303506	Marionette	INFO	Listening on port 40449
DevTools listening on ws://localhost:43553/devtools/browser/f6b932f9-31a0-4c63-8999-d90124f94c1e
Read port: 40449
1660719303821	RemoteAgent	WARN	TLS certificate errors will be ignored for this session
JavaScript error: resource://gre/modules/XULStore.jsm, line 66: Error: Can't find profile directory.
JavaScript error: resource://gre/modules/XULStore.jsm, line 66: Error: Can't find profile directory.
console.warn: LoginRecipes: "getRecipes: falling back to a synchronous message for:" "https://www.rahulshettyacademy.com"
1660719318390	Marionette	INFO	Stopped listening on port 40449
Missing chrome or resource URL: resource://gre/modules/UpdateListener.jsm
console.error: "Error during quit-application-granted: [Exception... \"File error: Not found\"  nsresult: \"0x80520012 (NS_ERROR_FILE_NOT_FOUND)\"  location: \"JS frame :: resource:///modules/BrowserGlue.jsm :: _onQuitApplicationGranted/tasks< :: line 1969\"  data: no]"
1661280751121	geckodriver	INFO	Listening on 127.0.0.1:51039
1661280751612	mozrunner::runner	INFO	Running command: "/usr/bin/firefox" "--marionette" "--remote-debugging-port" "42855" "--remote-allow-hosts" "localhost" "-no-remote" "-profile" "/tmp/rust_mozprofileskORQD"
ATTENTION: default value of option mesa_glthread overridden by environment.
ATTENTION: default value of option mesa_glthread overridden by environment.
ATTENTION: default value of option mesa_glthread overridden by environment.
ATTENTION: default value of option mesa_glthread overridden by environment.
1661280759545	Marionette	INFO	Marionette enabled
WebDriver BiDi listening on ws://localhost:42855
console.warn: SearchSettings: "get: No settings file exists, new profile?" (new NotFoundError("Could not open the file at /tmp/rust_mozprofileskORQD/search.json.mozlz4", (void 0)))
console.error: Region.jsm: "Error fetching region" (new Error("TIMEOUT", "resource://gre/modules/Region.jsm", 767))
console.error: Region.jsm: "Failed to fetch region" (new Error("TIMEOUT", "resource://gre/modules/Region.jsm", 419))
Missing chrome or resource URL: resource://gre/modules/UpdateListener.jsm
1661280770194	Marionette	INFO	Listening on port 41477
Read port: 41477
1661280770297	RemoteAgent	WARN	TLS certificate errors will be ignored for this session
DevTools listening on ws://localhost:42855/devtools/browser/da4aa93b-dd0a-4f0a-bfcb-af113765e5cf
JavaScript error: https://rahulshettyacademy.com/dropdownsPractise/, line 569: ReferenceError: Sys is not defined
JavaScript error: https://rahulshettyacademy.com/dropdownsPractise/, line 3587: ReferenceError: Sys is not defined
JavaScript error: https://rahulshettyacademy.com/dropdownsPractise/#EmptyPage.aspx, line 569: ReferenceError: Sys is not defined
JavaScript error: https://rahulshettyacademy.com/dropdownsPractise/#EmptyPage.aspx, line 3587: ReferenceError: Sys is not defined
Missing chrome or resource URL: resource://gre/modules/UpdateListener.jsm
console.error: "Error during quit-application-granted: [Exception... \"File error: Not found\"  nsresult: \"0x80520012 (NS_ERROR_FILE_NOT_FOUND)\"  location: \"JS frame :: resource:///modules/BrowserGlue.jsm :: _onQuitApplicationGranted/tasks< :: line 1969\"  data: no]"
1661280792898	Marionette	INFO	Stopped listening on port 41477
console.warn: TopSitesFeed: Failed to fetch data from Contile server: NetworkError when attempting to fetch resource.
1661280848182	geckodriver	INFO	Listening on 127.0.0.1:41599
1661280848213	mozrunner::runner	INFO	Running command: "/usr/bin/firefox" "--marionette" "--remote-debugging-port" "38701" "--remote-allow-hosts" "localhost" "-no-remote" "-profile" "/tmp/rust_mozprofilex0BN01"
ATTENTION: default value of option mesa_glthread overridden by environment.
ATTENTION: default value of option mesa_glthread overridden by environment.
ATTENTION: default value of option mesa_glthread overridden by environment.
ATTENTION: default value of option mesa_glthread overridden by environment.
1661280851108	Marionette	INFO	Marionette enabled
WebDriver BiDi listening on ws://localhost:38701
console.warn: SearchSettings: "get: No settings file exists, new profile?" (new NotFoundError("Could not open the file at /tmp/rust_mozprofilex0BN01/search.json.mozlz4", (void 0)))
Missing chrome or resource URL: resource://gre/modules/UpdateListener.jsm
1661280854541	Marionette	INFO	Listening on port 33677
Read port: 33677
1661280854674	RemoteAgent	WARN	TLS certificate errors will be ignored for this session
DevTools listening on ws://localhost:38701/devtools/browser/4719820f-d1c0-4cdb-8130-85874428d836
JavaScript error: https://rahulshettyacademy.com/dropdownsPractise/, line 569: ReferenceError: Sys is not defined
JavaScript error: https://rahulshettyacademy.com/dropdownsPractise/, line 3587: ReferenceError: Sys is not defined
JavaScript error: https://rahulshettyacademy.com/dropdownsPractise/#EmptyPage.aspx, line 569: ReferenceError: Sys is not defined
JavaScript error: https://rahulshettyacademy.com/dropdownsPractise/#EmptyPage.aspx, line 3587: ReferenceError: Sys is not defined
Missing chrome or resource URL: resource://gre/modules/UpdateListener.jsm
console.error: "Error during quit-application-granted: [Exception... \"File error: Not found\"  nsresult: \"0x80520012 (NS_ERROR_FILE_NOT_FOUND)\"  location: \"JS frame :: resource:///modules/BrowserGlue.jsm :: _onQuitApplicationGranted/tasks< :: line 1969\"  data: no]"
1661280864431	Marionette	INFO	Stopped listening on port 33677
console.warn: TopSitesFeed: Failed to fetch data from Contile server: NetworkError when attempting to fetch resource.
Invalid port. Exiting...
Invalid port. Exiting...
Invalid port. Exiting...
Invalid port. Exiting...
